<?xml version="1.0" encoding="UTF-8"?>
<!-- Generated by org.testng.reporters.JUnitXMLReporter -->
<testsuite ignored="0" hostname="LTIN204528" failures="0" tests="6" name="Default test" time="63.014" errors="0" timestamp="2024-01-25T14:20:50 IST">
  <testcase classname="testCases.TS001_UpcomingBikes" name="clickUpcomingBikes" time="13.262"/>
  <testcase classname="testCases.TS001_UpcomingBikes" name="selectManufacturer" time="14.242"/>
  <testcase classname="testCases.TS001_UpcomingBikes" name="getBikeNames" time="5.403"/>
  <testcase classname="testCases.TS001_UpcomingBikes" name="getBikePrices" time="3.513"/>
  <testcase classname="testCases.TS001_UpcomingBikes" name="getBikeLaunchDate" time="3.728"/>
  <testcase classname="testCases.TS001_UpcomingBikes" name="printBikeDetails" time="3.12"/>
</testsuite> <!-- Default test -->
