<?xml version="1.0" encoding="UTF-8"?>
<!-- Generated by org.testng.reporters.JUnitXMLReporter -->
<testsuite ignored="4" hostname="LTIN204528" failures="0" tests="6" name="ChromeTest" time="163.314" errors="0" timestamp="2024-02-06T10:24:39 IST">
  <testcase classname="testCases.TS001_UpcomingBikes" name="clickUpcomingBikes" time="56.062"/>
  <testcase classname="testCases.TS001_UpcomingBikes" name="selectManufacturer" time="16.303"/>
  <testcase classname="testCases.TS001_UpcomingBikes" name="printBikeDetails" time="17.043"/>
  <testcase classname="testCases.TS002_UsedCars" name="findUsedCars" time="38.304"/>
  <testcase classname="testCases.TS003_AccountLogin" name="clickLoginButton" time="10.541"/>
  <testcase classname="testCases.TS003_AccountLogin" name="checkLoginStatus" time="0.187"/>
  <testcase classname="testBase.BaseClass" name="@AfterTest tearDown" time="0.0">
    <ignored/>
  </testcase> <!-- @AfterTest tearDown -->
  <testcase classname="testBase.BaseClass" name="@BeforeTest setup" time="0.0">
    <ignored/>
  </testcase> <!-- @BeforeTest setup -->
  <testcase classname="testBase.BaseClass" name="@AfterTest tearDown" time="0.0">
    <ignored/>
  </testcase> <!-- @AfterTest tearDown -->
  <testcase classname="testBase.BaseClass" name="@BeforeTest setup" time="0.0">
    <ignored/>
  </testcase> <!-- @BeforeTest setup -->
</testsuite> <!-- ChromeTest -->
