<?xml version="1.0" encoding="UTF-8"?>
<!-- Generated by org.testng.reporters.JUnitXMLReporter -->
<testsuite ignored="4" hostname="LTIN204528" failures="0" tests="6" name="EdgeTest" time="0.23" errors="0" timestamp="2024-02-06T16:11:38 IST">
  <testcase classname="testCases.TS001_UpcomingBikes" name="clickUpcomingBikes" time="0.0">
    <skipped/>
  </testcase> <!-- clickUpcomingBikes -->
  <testcase classname="testCases.TS001_UpcomingBikes" name="selectManufacturer" time="0.0">
    <skipped/>
  </testcase> <!-- selectManufacturer -->
  <testcase classname="testCases.TS001_UpcomingBikes" name="printBikeDetails" time="0.001">
    <skipped/>
  </testcase> <!-- printBikeDetails -->
  <testcase classname="testCases.TS002_UsedCars" name="findUsedCars" time="0.0">
    <skipped/>
  </testcase> <!-- findUsedCars -->
  <testcase classname="testCases.TS003_AccountLogin" name="clickLoginButton" time="0.0">
    <skipped/>
  </testcase> <!-- clickLoginButton -->
  <testcase classname="testCases.TS003_AccountLogin" name="checkLoginStatus" time="0.0">
    <skipped/>
  </testcase> <!-- checkLoginStatus -->
  <testcase classname="testBase.BaseClass" name="@BeforeTest setup" time="0.0">
    <ignored/>
  </testcase> <!-- @BeforeTest setup -->
  <testcase classname="testBase.BaseClass" name="@AfterTest tearDown" time="0.0">
    <ignored/>
  </testcase> <!-- @AfterTest tearDown -->
  <testcase classname="testBase.BaseClass" name="@AfterTest tearDown" time="0.0">
    <ignored/>
  </testcase> <!-- @AfterTest tearDown -->
  <testcase classname="testBase.BaseClass" name="@BeforeTest setup" time="0.0">
    <ignored/>
  </testcase> <!-- @BeforeTest setup -->
</testsuite> <!-- EdgeTest -->
