<?xml version="1.0" encoding="UTF-8"?>
<!-- Generated by org.testng.reporters.JUnitXMLReporter -->
<testsuite ignored="4" hostname="LTIN204528" failures="0" tests="6" name="Test2" time="94.221" errors="0" timestamp="2024-01-26T13:19:12 IST">
  <testcase classname="testCases.TS001_UpcomingBikes" name="clickUpcomingBikes" time="8.104"/>
  <testcase classname="testCases.TS001_UpcomingBikes" name="selectManufacturer" time="14.402"/>
  <testcase classname="testCases.TS001_UpcomingBikes" name="printBikeDetails" time="14.408"/>
  <testcase classname="testCases.TS002_UsedCars" name="findUsedCars" time="17.627"/>
  <testcase classname="testCases.TS003_AccountLogin" name="clickLoginButton" time="17.324"/>
  <testcase classname="testCases.TS003_AccountLogin" name="checkLoginStatus" time="0.115"/>
  <testcase classname="testBase.BaseClass" name="@AfterTest tearDown" time="0.0">
    <ignored/>
  </testcase> <!-- @AfterTest tearDown -->
  <testcase classname="testBase.BaseClass" name="@BeforeTest setup" time="0.0">
    <ignored/>
  </testcase> <!-- @BeforeTest setup -->
  <testcase classname="testBase.BaseClass" name="@BeforeTest setup" time="0.0">
    <ignored/>
  </testcase> <!-- @BeforeTest setup -->
  <testcase classname="testBase.BaseClass" name="@AfterTest tearDown" time="0.0">
    <ignored/>
  </testcase> <!-- @AfterTest tearDown -->
</testsuite> <!-- Test2 -->
