<?xml version="1.0" encoding="UTF-8"?>
<!-- Generated by org.testng.reporters.JUnitXMLReporter -->
<testsuite ignored="4" hostname="LTIN204528" failures="0" tests="6" name="Test" time="103.833" errors="0" timestamp="2024-01-26T13:17:38 IST">
  <testcase classname="testCases.TS001_UpcomingBikes" name="clickUpcomingBikes" time="9.801"/>
  <testcase classname="testCases.TS001_UpcomingBikes" name="selectManufacturer" time="15.39"/>
  <testcase classname="testCases.TS001_UpcomingBikes" name="printBikeDetails" time="27.007"/>
  <testcase classname="testCases.TS002_UsedCars" name="findUsedCars" time="16.224"/>
  <testcase classname="testCases.TS003_AccountLogin" name="clickLoginButton" time="15.89"/>
  <testcase classname="testCases.TS003_AccountLogin" name="checkLoginStatus" time="0.132"/>
  <testcase classname="testBase.BaseClass" name="@BeforeTest setup" time="0.0">
    <ignored/>
  </testcase> <!-- @BeforeTest setup -->
  <testcase classname="testBase.BaseClass" name="@AfterTest tearDown" time="0.0">
    <ignored/>
  </testcase> <!-- @AfterTest tearDown -->
  <testcase classname="testBase.BaseClass" name="@BeforeTest setup" time="0.0">
    <ignored/>
  </testcase> <!-- @BeforeTest setup -->
  <testcase classname="testBase.BaseClass" name="@AfterTest tearDown" time="0.0">
    <ignored/>
  </testcase> <!-- @AfterTest tearDown -->
</testsuite> <!-- Test -->
