<?xml version="1.0" encoding="UTF-8"?>
<!-- Generated by org.testng.reporters.JUnitXMLReporter -->
<testsuite ignored="0" hostname="LTIN204528" failures="0" tests="3" name="TS001" time="58.467" errors="0" timestamp="2024-01-26T12:46:10 IST">
  <testcase classname="testCases.TS001_UpcomingBikes" name="clickUpcomingBikes" time="8.15"/>
  <testcase classname="testCases.TS001_UpcomingBikes" name="selectManufacturer" time="15.181"/>
  <testcase classname="testCases.TS001_UpcomingBikes" name="printBikeDetails" time="13.58"/>
</testsuite> <!-- TS001 -->
