<?xml version="1.0" encoding="UTF-8"?>
<testng-results ignored="0" total="12" passed="12" failed="0" skipped="0">
  <reporter-output>
  </reporter-output>
  <suite started-at="2024-02-15T09:50:50 IST" name="Suite" finished-at="2024-02-15T09:54:40 IST" duration-ms="229525">
    <groups>
      <group name="Master">
        <method signature="TS002_UsedCars.findUsedCars()[pri:1, instance:testCases.TS002_UsedCars@48075da3]" name="findUsedCars" class="testCases.TS002_UsedCars"/>
        <method signature="TS003_AccountLogin.clickLoginButton()[pri:1, instance:testCases.TS003_AccountLogin@68c9133c]" name="clickLoginButton" class="testCases.TS003_AccountLogin"/>
        <method signature="TS001_UpcomingBikes.selectManufacturer()[pri:2, instance:testCases.TS001_UpcomingBikes@3f191845]" name="selectManufacturer" class="testCases.TS001_UpcomingBikes"/>
        <method signature="TS003_AccountLogin.checkLoginStatus()[pri:2, instance:testCases.TS003_AccountLogin@68c9133c]" name="checkLoginStatus" class="testCases.TS003_AccountLogin"/>
        <method signature="TS001_UpcomingBikes.printBikeDetails()[pri:3, instance:testCases.TS001_UpcomingBikes@3f191845]" name="printBikeDetails" class="testCases.TS001_UpcomingBikes"/>
        <method signature="TS001_UpcomingBikes.clickUpcomingBikes()[pri:1, instance:testCases.TS001_UpcomingBikes@3f191845]" name="clickUpcomingBikes" class="testCases.TS001_UpcomingBikes"/>
        <method signature="TS002_UsedCars.findUsedCars()[pri:1, instance:testCases.TS002_UsedCars@723ca036]" name="findUsedCars" class="testCases.TS002_UsedCars"/>
        <method signature="TS003_AccountLogin.clickLoginButton()[pri:1, instance:testCases.TS003_AccountLogin@25be7b63]" name="clickLoginButton" class="testCases.TS003_AccountLogin"/>
        <method signature="TS001_UpcomingBikes.selectManufacturer()[pri:2, instance:testCases.TS001_UpcomingBikes@304bb45b]" name="selectManufacturer" class="testCases.TS001_UpcomingBikes"/>
        <method signature="TS003_AccountLogin.checkLoginStatus()[pri:2, instance:testCases.TS003_AccountLogin@25be7b63]" name="checkLoginStatus" class="testCases.TS003_AccountLogin"/>
        <method signature="TS001_UpcomingBikes.printBikeDetails()[pri:3, instance:testCases.TS001_UpcomingBikes@304bb45b]" name="printBikeDetails" class="testCases.TS001_UpcomingBikes"/>
        <method signature="TS001_UpcomingBikes.clickUpcomingBikes()[pri:1, instance:testCases.TS001_UpcomingBikes@304bb45b]" name="clickUpcomingBikes" class="testCases.TS001_UpcomingBikes"/>
      </group> <!-- Master -->
      <group name="Sanity">
        <method signature="TS003_AccountLogin.clickLoginButton()[pri:1, instance:testCases.TS003_AccountLogin@68c9133c]" name="clickLoginButton" class="testCases.TS003_AccountLogin"/>
        <method signature="TS003_AccountLogin.checkLoginStatus()[pri:2, instance:testCases.TS003_AccountLogin@68c9133c]" name="checkLoginStatus" class="testCases.TS003_AccountLogin"/>
        <method signature="TS003_AccountLogin.clickLoginButton()[pri:1, instance:testCases.TS003_AccountLogin@25be7b63]" name="clickLoginButton" class="testCases.TS003_AccountLogin"/>
        <method signature="TS003_AccountLogin.checkLoginStatus()[pri:2, instance:testCases.TS003_AccountLogin@25be7b63]" name="checkLoginStatus" class="testCases.TS003_AccountLogin"/>
      </group> <!-- Sanity -->
      <group name="Regression">
        <method signature="TS002_UsedCars.findUsedCars()[pri:1, instance:testCases.TS002_UsedCars@48075da3]" name="findUsedCars" class="testCases.TS002_UsedCars"/>
        <method signature="TS001_UpcomingBikes.selectManufacturer()[pri:2, instance:testCases.TS001_UpcomingBikes@3f191845]" name="selectManufacturer" class="testCases.TS001_UpcomingBikes"/>
        <method signature="TS001_UpcomingBikes.printBikeDetails()[pri:3, instance:testCases.TS001_UpcomingBikes@3f191845]" name="printBikeDetails" class="testCases.TS001_UpcomingBikes"/>
        <method signature="TS001_UpcomingBikes.clickUpcomingBikes()[pri:1, instance:testCases.TS001_UpcomingBikes@3f191845]" name="clickUpcomingBikes" class="testCases.TS001_UpcomingBikes"/>
        <method signature="TS002_UsedCars.findUsedCars()[pri:1, instance:testCases.TS002_UsedCars@723ca036]" name="findUsedCars" class="testCases.TS002_UsedCars"/>
        <method signature="TS001_UpcomingBikes.selectManufacturer()[pri:2, instance:testCases.TS001_UpcomingBikes@304bb45b]" name="selectManufacturer" class="testCases.TS001_UpcomingBikes"/>
        <method signature="TS001_UpcomingBikes.printBikeDetails()[pri:3, instance:testCases.TS001_UpcomingBikes@304bb45b]" name="printBikeDetails" class="testCases.TS001_UpcomingBikes"/>
        <method signature="TS001_UpcomingBikes.clickUpcomingBikes()[pri:1, instance:testCases.TS001_UpcomingBikes@304bb45b]" name="clickUpcomingBikes" class="testCases.TS001_UpcomingBikes"/>
      </group> <!-- Regression -->
    </groups>
    <test started-at="2024-02-15T09:50:50 IST" name="ChromeTest" finished-at="2024-02-15T09:52:39 IST" duration-ms="108841">
      <class name="testCases.TS001_UpcomingBikes">
        <test-method is-config="true" signature="setup(java.lang.String,java.lang.String)[pri:0, instance:testCases.TS001_UpcomingBikes@3f191845]" started-at="2024-02-15T09:50:51 IST" name="setup" finished-at="2024-02-15T09:51:06 IST" duration-ms="14124" status="PASS">
          <params>
            <param index="0">
              <value>
                <![CDATA[chrome]]>
              </value>
            </param>
            <param index="1">
              <value>
                <![CDATA[Windows]]>
              </value>
            </param>
          </params>
          <reporter-output>
          </reporter-output>
        </test-method> <!-- setup -->
        <test-method signature="clickUpcomingBikes()[pri:1, instance:testCases.TS001_UpcomingBikes@3f191845]" started-at="2024-02-15T09:51:06 IST" name="clickUpcomingBikes" finished-at="2024-02-15T09:51:20 IST" duration-ms="14065" status="PASS">
          <reporter-output>
          </reporter-output>
        </test-method> <!-- clickUpcomingBikes -->
        <test-method signature="selectManufacturer()[pri:2, instance:testCases.TS001_UpcomingBikes@3f191845]" started-at="2024-02-15T09:51:21 IST" name="selectManufacturer" finished-at="2024-02-15T09:51:38 IST" duration-ms="17144" status="PASS">
          <reporter-output>
          </reporter-output>
        </test-method> <!-- selectManufacturer -->
        <test-method signature="printBikeDetails()[pri:3, instance:testCases.TS001_UpcomingBikes@3f191845]" started-at="2024-02-15T09:51:38 IST" name="printBikeDetails" finished-at="2024-02-15T09:52:01 IST" depends-on-methods="testCases.TS001_UpcomingBikes.selectManufacturer" duration-ms="23156" status="PASS">
          <reporter-output>
          </reporter-output>
        </test-method> <!-- printBikeDetails -->
        <test-method is-config="true" signature="tearDown()[pri:0, instance:testCases.TS001_UpcomingBikes@3f191845]" started-at="2024-02-15T09:52:37 IST" name="tearDown" finished-at="2024-02-15T09:52:39 IST" duration-ms="1891" status="PASS">
          <reporter-output>
          </reporter-output>
        </test-method> <!-- tearDown -->
      </class> <!-- testCases.TS001_UpcomingBikes -->
      <class name="testCases.TS002_UsedCars">
        <test-method signature="findUsedCars()[pri:1, instance:testCases.TS002_UsedCars@48075da3]" started-at="2024-02-15T09:52:03 IST" name="findUsedCars" finished-at="2024-02-15T09:52:22 IST" duration-ms="18491" status="PASS">
          <reporter-output>
          </reporter-output>
        </test-method> <!-- findUsedCars -->
      </class> <!-- testCases.TS002_UsedCars -->
      <class name="testCases.TS003_AccountLogin">
        <test-method signature="clickLoginButton()[pri:1, instance:testCases.TS003_AccountLogin@68c9133c]" started-at="2024-02-15T09:52:23 IST" name="clickLoginButton" finished-at="2024-02-15T09:52:36 IST" duration-ms="13101" status="PASS">
          <reporter-output>
          </reporter-output>
        </test-method> <!-- clickLoginButton -->
        <test-method signature="checkLoginStatus()[pri:2, instance:testCases.TS003_AccountLogin@68c9133c]" started-at="2024-02-15T09:52:37 IST" name="checkLoginStatus" finished-at="2024-02-15T09:52:37 IST" duration-ms="256" status="PASS">
          <reporter-output>
          </reporter-output>
        </test-method> <!-- checkLoginStatus -->
      </class> <!-- testCases.TS003_AccountLogin -->
    </test> <!-- ChromeTest -->
    <test started-at="2024-02-15T09:52:41 IST" name="EdgeTest" finished-at="2024-02-15T09:54:40 IST" duration-ms="118737">
      <class name="testCases.TS001_UpcomingBikes">
        <test-method is-config="true" signature="setup(java.lang.String,java.lang.String)[pri:0, instance:testCases.TS001_UpcomingBikes@304bb45b]" started-at="2024-02-15T09:52:41 IST" name="setup" finished-at="2024-02-15T09:53:01 IST" duration-ms="19526" status="PASS">
          <params>
            <param index="0">
              <value>
                <![CDATA[edge]]>
              </value>
            </param>
            <param index="1">
              <value>
                <![CDATA[Windows]]>
              </value>
            </param>
          </params>
          <reporter-output>
          </reporter-output>
        </test-method> <!-- setup -->
        <test-method signature="clickUpcomingBikes()[pri:1, instance:testCases.TS001_UpcomingBikes@304bb45b]" started-at="2024-02-15T09:53:01 IST" name="clickUpcomingBikes" finished-at="2024-02-15T09:53:20 IST" duration-ms="18910" status="PASS">
          <reporter-output>
          </reporter-output>
        </test-method> <!-- clickUpcomingBikes -->
        <test-method signature="selectManufacturer()[pri:2, instance:testCases.TS001_UpcomingBikes@304bb45b]" started-at="2024-02-15T09:53:20 IST" name="selectManufacturer" finished-at="2024-02-15T09:53:39 IST" duration-ms="18856" status="PASS">
          <reporter-output>
          </reporter-output>
        </test-method> <!-- selectManufacturer -->
        <test-method signature="printBikeDetails()[pri:3, instance:testCases.TS001_UpcomingBikes@304bb45b]" started-at="2024-02-15T09:53:40 IST" name="printBikeDetails" finished-at="2024-02-15T09:54:04 IST" depends-on-methods="testCases.TS001_UpcomingBikes.selectManufacturer" duration-ms="24605" status="PASS">
          <reporter-output>
          </reporter-output>
        </test-method> <!-- printBikeDetails -->
        <test-method is-config="true" signature="tearDown()[pri:0, instance:testCases.TS001_UpcomingBikes@304bb45b]" started-at="2024-02-15T09:54:38 IST" name="tearDown" finished-at="2024-02-15T09:54:40 IST" duration-ms="1920" status="PASS">
          <reporter-output>
          </reporter-output>
        </test-method> <!-- tearDown -->
      </class> <!-- testCases.TS001_UpcomingBikes -->
      <class name="testCases.TS002_UsedCars">
        <test-method signature="findUsedCars()[pri:1, instance:testCases.TS002_UsedCars@723ca036]" started-at="2024-02-15T09:54:05 IST" name="findUsedCars" finished-at="2024-02-15T09:54:23 IST" duration-ms="17598" status="PASS">
          <reporter-output>
          </reporter-output>
        </test-method> <!-- findUsedCars -->
      </class> <!-- testCases.TS002_UsedCars -->
      <class name="testCases.TS003_AccountLogin">
        <test-method signature="clickLoginButton()[pri:1, instance:testCases.TS003_AccountLogin@25be7b63]" started-at="2024-02-15T09:54:25 IST" name="clickLoginButton" finished-at="2024-02-15T09:54:37 IST" duration-ms="12409" status="PASS">
          <reporter-output>
          </reporter-output>
        </test-method> <!-- clickLoginButton -->
        <test-method signature="checkLoginStatus()[pri:2, instance:testCases.TS003_AccountLogin@25be7b63]" started-at="2024-02-15T09:54:38 IST" name="checkLoginStatus" finished-at="2024-02-15T09:54:38 IST" duration-ms="144" status="PASS">
          <reporter-output>
          </reporter-output>
        </test-method> <!-- checkLoginStatus -->
      </class> <!-- testCases.TS003_AccountLogin -->
    </test> <!-- EdgeTest -->
  </suite> <!-- Suite -->
</testng-results>
